
> et3alem-bel-araby@0.0.0 build
> vite build

[36mvite v6.4.1 [32mbuilding for production...[36m[39m
transforming...
[32m✓[39m 2148 modules transformed.
rendering chunks...
[33m[plugin vite:reporter] 
(!) E:/New folder (13)/New folder (2)/New folder/New folder/New folder/سيسشي/لوحه التحكم الخارجيه/components/ThemeVisuals.tsx is dynamically imported by E:/New folder (13)/New folder (2)/New folder/New folder/New folder/سيسشي/لوحه التحكم الخارجيه/App.tsx but also statically imported by E:/New folder (13)/New folder (2)/New folder/New folder/New folder/سيسشي/لوحه التحكم الخارجيه/components/admin/OverviewTab.tsx, E:/New folder (13)/New folder (2)/New folder/New folder/New folder/سيسشي/لوحه التحكم الخارجيه/components/admin/ThemesTab.tsx, E:/New folder (13)/New folder (2)/New folder/New folder/New folder/سيسشي/لوحه التحكم الخارجيه/hooks/useAppTheme.ts, dynamic import will not move module into another chunk.
[39m
computing gzip size...
[2mdist/[22m[32mindex.html                         [39m[1m[2m  8.22 kB[22m[1m[22m[2m │ gzip:   2.66 kB[22m
[2mdist/[22m[35massets/index-BjwohXOr.css          [39m[1m[2m  8.47 kB[22m[1m[22m[2m │ gzip:   2.58 kB[22m
[2mdist/[22m[36massets/lock-DLDfZN4_.js            [39m[1m[2m  0.75 kB[22m[1m[22m[2m │ gzip:   0.39 kB[22m
[2mdist/[22m[36massets/AdminAuthModal-Cn_wh9cU.js  [39m[1m[2m  4.66 kB[22m[1m[22m[2m │ gzip:   1.93 kB[22m
[2mdist/[22m[36massets/AdminDashboard-C34kVVmr.js  [39m[1m[2m309.87 kB[22m[1m[22m[2m │ gzip:  69.85 kB[22m
[2mdist/[22m[36massets/index-CMEndX0D.js           [39m[1m[33m983.94 kB[39m[22m[2m │ gzip: 275.12 kB[22m
[33m
(!) Some chunks are larger than 500 kB after minification. Consider:
- Using dynamic import() to code-split the application
- Use build.rollupOptions.output.manualChunks to improve chunking: https://rollupjs.org/configuration-options/#output-manualchunks
- Adjust chunk size limit for this warning via build.chunkSizeWarningLimit.[39m
[32m✓ built in 8.63s[39m
